<?xml version="1.0" encoding="UTF-8"?>
<!-- Generated by org.testng.reporters.JUnitReportReporter -->
<testsuite skipped="0" hostname="Netras-MBP.localdomain" name="com.wordpress.Testcases.VerifyWordpressLogin" tests="1" failures="0" timestamp="2022-05-27T21:49:45 PDT" time="6.457" errors="0">
  <testcase name="verifyValidLogin" time="6.457" classname="com.wordpress.Testcases.VerifyWordpressLogin"/>
  <system-out/>
</testsuite> <!-- com.wordpress.Testcases.VerifyWordpressLogin -->
