<?xml version="1.0" encoding="UTF-8"?>
<!-- Generated by org.testng.reporters.JUnitReportReporter -->
<testsuite skipped="0" hostname="Netras-MBP.localdomain" name="testNG.AmazonCartAndCheckout" tests="4" failures="0" timestamp="2022-05-25T10:11:09 PDT" time="78.742" errors="0">
  <testcase name="addToCartAndDeleteItem" time="19.734" classname="testNG.AmazonCartAndCheckout"/>
  <system-out/>
  <testcase name="addToCartAndCheckCart" time="19.555" classname="testNG.AmazonCartAndCheckout"/>
  <system-out/>
  <testcase name="addToCart" time="17.872" classname="testNG.AmazonCartAndCheckout"/>
  <system-out/>
  <testcase name="checkoutCartAndSaveForLater" time="21.581" classname="testNG.AmazonCartAndCheckout"/>
  <system-out/>
</testsuite> <!-- testNG.AmazonCartAndCheckout -->
