<?xml version="1.0" encoding="UTF-8"?>
<!-- Generated by org.testng.reporters.JUnitReportReporter -->
<testsuite skipped="0" hostname="Netras-MBP.localdomain" name="com.wordpress.Testcases.VerifyValidLogin" tests="1" failures="0" timestamp="2022-05-29T14:12:06 PDT" time="6.217" errors="0">
  <testcase name="checkValidUser" time="6.217" classname="com.wordpress.Testcases.VerifyValidLogin"/>
  <system-out/>
</testsuite> <!-- com.wordpress.Testcases.VerifyValidLogin -->
