<?xml version="1.0" encoding="UTF-8"?>
<!-- Generated by org.testng.reporters.JUnitReportReporter -->
<testsuite skipped="0" hostname="Netras-MBP.localdomain" name="com.wordpress.Testcases.VerifyRegistrationWordPress" tests="1" failures="0" timestamp="2022-05-28T14:56:31 PDT" time="6.649" errors="0">
  <testcase name="checkValidUser" time="6.649" classname="com.wordpress.Testcases.VerifyRegistrationWordPress"/>
  <system-out/>
</testsuite> <!-- com.wordpress.Testcases.VerifyRegistrationWordPress -->
