<?xml version="1.0" encoding="UTF-8"?>
<!-- Generated by org.testng.reporters.JUnitReportReporter -->
<testsuite skipped="0" hostname="Netras-MBP.localdomain" name="testNG.AmazonRegistationTests" tests="1" failures="0" timestamp="2022-05-28T00:07:42 PDT" time="8.428" errors="0">
  <testcase name="registerWithCorrectInput" time="8.428" classname="testNG.AmazonRegistationTests"/>
  <system-out/>
</testsuite> <!-- testNG.AmazonRegistationTests -->
