<?xml version="1.0" encoding="UTF-8"?>
<!-- Generated by org.testng.reporters.JUnitReportReporter -->
<testsuite skipped="1" hostname="Netras-MBP.localdomain" name="sample1.AmazonLoginWithDataDriven" tests="3" failures="0" timestamp="2022-05-24T21:48:32 PDT" time="0.010" errors="0">
  <testcase name="loginTest" time="0.002" classname="sample1.AmazonLoginWithDataDriven"/>
  <system-out/>
  <testcase name="loginTest" time="0.008" classname="sample1.AmazonLoginWithDataDriven"/>
  <system-out/>
  <testcase name="loginWithValidCredential" classname="sample1.AmazonLoginWithDataDriven">
    <skipped/>
  </testcase> <!-- loginWithValidCredential -->
  <system-out/>
</testsuite> <!-- sample1.AmazonLoginWithDataDriven -->
