<?xml version="1.0" encoding="UTF-8"?>
<!-- Generated by org.testng.reporters.JUnitReportReporter -->
<testsuite skipped="0" hostname="Netras-MBP.localdomain" name="dataDriven.DataDrivenTest" tests="3" failures="0" timestamp="2022-05-26T20:20:23 PDT" time="26.838" errors="0">
  <testcase name="loginWithValidCredential" time="8.912" classname="dataDriven.DataDrivenTest"/>
  <system-out/>
  <testcase name="loginWithValidCredential" time="9.405" classname="dataDriven.DataDrivenTest"/>
  <system-out/>
  <testcase name="loginWithValidCredential" time="8.521" classname="dataDriven.DataDrivenTest"/>
  <system-out/>
</testsuite> <!-- dataDriven.DataDrivenTest -->
