<?xml version="1.0" encoding="UTF-8"?>
<!-- Generated by org.testng.reporters.JUnitReportReporter -->
<testsuite skipped="0" hostname="Netras-MBP.localdomain" name="testNG.AmazonLoginTests" tests="4" failures="0" timestamp="2022-05-25T12:39:10 PDT" time="53.094" errors="0">
  <testcase name="loginWithValidCredential" time="12.251" classname="testNG.AmazonLoginTests"/>
  <system-out/>
  <testcase name="loginWithIncorrectPassword" time="13.218" classname="testNG.AmazonLoginTests"/>
  <system-out/>
  <testcase name="loginWithIncorrectEmail" time="12.041" classname="testNG.AmazonLoginTests"/>
  <system-out/>
  <testcase name="loginWithBlankEmail" time="15.584" classname="testNG.AmazonLoginTests"/>
  <system-out/>
</testsuite> <!-- testNG.AmazonLoginTests -->
